<?xml version="1.0" encoding="UTF-8"?>
<!-- Generated by org.testng.reporters.JUnitReportReporter -->
<testsuite hostname="Ananta-1211" name="com.automation.tests.SurveyMonkeySmokeTest" tests="1" failures="0" timestamp="8 Sep 2015 12:29:31 GMT" time="35.272" errors="0">
  <testcase name="launchApplicationTest" time="35.272" classname="com.automation.tests.SurveyMonkeySmokeTest"/>
</testsuite> <!-- com.automation.tests.SurveyMonkeySmokeTest -->
